C:\USERS\Рустам\DOCUMENTS\VISUAL STUDIO 2010\PROJECTS\ERAY III\DEBUG\RESOURCES.DLL
C:\USERS\Рустам\DOCUMENTS\VISUAL STUDIO 2010\PROJECTS\ERAY III\DEBUG\RESOURCES.ILK
C:\USERS\РУСТАМ\DOCUMENTS\VISUAL STUDIO 2010\PROJECTS\ERAY III\DEBUG\RESOURCES.PDB
C:\Users\Рустам\Documents\Visual Studio 2010\Projects\eRay III\Resources\Debug\cl.command.1.tlog
C:\Users\Рустам\Documents\Visual Studio 2010\Projects\eRay III\Resources\Debug\CL.read.1.tlog
C:\Users\Рустам\Documents\Visual Studio 2010\Projects\eRay III\Resources\Debug\CL.write.1.tlog
C:\Users\Рустам\Documents\Visual Studio 2010\Projects\eRay III\Resources\Debug\link.command.1.tlog
C:\Users\Рустам\Documents\Visual Studio 2010\Projects\eRay III\Resources\Debug\link.read.1.tlog
C:\Users\Рустам\Documents\Visual Studio 2010\Projects\eRay III\Resources\Debug\link.write.1.tlog
C:\Users\Рустам\Documents\Visual Studio 2010\Projects\eRay III\Resources\Debug\link-cvtres.read.1.tlog
C:\Users\Рустам\Documents\Visual Studio 2010\Projects\eRay III\Resources\Debug\link-cvtres.write.1.tlog
C:\Users\Рустам\Documents\Visual Studio 2010\Projects\eRay III\Resources\Debug\mt.command.1.tlog
C:\Users\Рустам\Documents\Visual Studio 2010\Projects\eRay III\Resources\Debug\mt.read.1.tlog
C:\Users\Рустам\Documents\Visual Studio 2010\Projects\eRay III\Resources\Debug\mt.write.1.tlog
C:\Users\Рустам\Documents\Visual Studio 2010\Projects\eRay III\Resources\Debug\rc.command.1.tlog
C:\Users\Рустам\Documents\Visual Studio 2010\Projects\eRay III\Resources\Debug\rc.read.1.tlog
C:\Users\Рустам\Documents\Visual Studio 2010\Projects\eRay III\Resources\Debug\rc.write.1.tlog
C:\USERS\Рустам\DOCUMENTS\VISUAL STUDIO 2010\PROJECTS\ERAY III\RESOURCES\DEBUG\RESOURCES.DLL.EMBED.MANIFEST
C:\USERS\Рустам\DOCUMENTS\VISUAL STUDIO 2010\PROJECTS\ERAY III\RESOURCES\DEBUG\RESOURCES.DLL.EMBED.MANIFEST.RES
C:\USERS\Рустам\DOCUMENTS\VISUAL STUDIO 2010\PROJECTS\ERAY III\RESOURCES\DEBUG\RESOURCES.DLL.INTERMEDIATE.MANIFEST
C:\USERS\Рустам\DOCUMENTS\VISUAL STUDIO 2010\PROJECTS\ERAY III\RESOURCES\DEBUG\RESOURCES.OBJ
C:\USERS\Рустам\DOCUMENTS\VISUAL STUDIO 2010\PROJECTS\ERAY III\RESOURCES\DEBUG\RESOURCES.RES
C:\Users\Рустам\Documents\Visual Studio 2010\Projects\eRay III\Resources\Debug\Resources_manifest.rc
C:\Users\Рустам\Documents\Visual Studio 2010\Projects\eRay III\Resources\Debug\vc100.idb
C:\USERS\РУСТАМ\DOCUMENTS\VISUAL STUDIO 2010\PROJECTS\ERAY III\RESOURCES\DEBUG\VC100.PDB
