C:\USERS\Рустам\DOCUMENTS\VISUAL STUDIO 2010\PROJECTS\ERAY III\RELEASE\RESOURCES.DLL
C:\USERS\РУСТАМ\DOCUMENTS\VISUAL STUDIO 2010\PROJECTS\ERAY III\RELEASE\RESOURCES.PDB
C:\Users\Рустам\Documents\Visual Studio 2010\Projects\eRay III\Resources\Release\cl.command.1.tlog
C:\Users\Рустам\Documents\Visual Studio 2010\Projects\eRay III\Resources\Release\CL.read.1.tlog
C:\Users\Рустам\Documents\Visual Studio 2010\Projects\eRay III\Resources\Release\CL.write.1.tlog
C:\Users\Рустам\Documents\Visual Studio 2010\Projects\eRay III\Resources\Release\link.command.1.tlog
C:\Users\Рустам\Documents\Visual Studio 2010\Projects\eRay III\Resources\Release\link.read.1.tlog
C:\Users\Рустам\Documents\Visual Studio 2010\Projects\eRay III\Resources\Release\link.write.1.tlog
C:\Users\Рустам\Documents\Visual Studio 2010\Projects\eRay III\Resources\Release\link-cvtres.read.1.tlog
C:\Users\Рустам\Documents\Visual Studio 2010\Projects\eRay III\Resources\Release\link-cvtres.write.1.tlog
C:\Users\Рустам\Documents\Visual Studio 2010\Projects\eRay III\Resources\Release\mt.command.1.tlog
C:\Users\Рустам\Documents\Visual Studio 2010\Projects\eRay III\Resources\Release\mt.read.1.tlog
C:\Users\Рустам\Documents\Visual Studio 2010\Projects\eRay III\Resources\Release\mt.write.1.tlog
C:\Users\Рустам\Documents\Visual Studio 2010\Projects\eRay III\Resources\Release\rc.command.1.tlog
C:\Users\Рустам\Documents\Visual Studio 2010\Projects\eRay III\Resources\Release\rc.read.1.tlog
C:\Users\Рустам\Documents\Visual Studio 2010\Projects\eRay III\Resources\Release\rc.write.1.tlog
C:\USERS\Рустам\DOCUMENTS\VISUAL STUDIO 2010\PROJECTS\ERAY III\RESOURCES\RELEASE\RESOURCES.DLL.INTERMEDIATE.MANIFEST
C:\USERS\Рустам\DOCUMENTS\VISUAL STUDIO 2010\PROJECTS\ERAY III\RESOURCES\RELEASE\RESOURCES.OBJ
C:\USERS\Рустам\DOCUMENTS\VISUAL STUDIO 2010\PROJECTS\ERAY III\RESOURCES\RELEASE\RESOURCES.RES
C:\USERS\РУСТАМ\DOCUMENTS\VISUAL STUDIO 2010\PROJECTS\ERAY III\RESOURCES\RELEASE\VC100.PDB
