C:\USERS\Рустам\DOCUMENTS\VISUAL STUDIO 2010\PROJECTS\ERAY III\ERAY III\RELEASE\BASERENDER.OBJ
C:\Users\Рустам\Documents\Visual Studio 2010\Projects\eRay III\eRay III\Release\cl.command.1.tlog
C:\Users\Рустам\Documents\Visual Studio 2010\Projects\eRay III\eRay III\Release\CL.read.1.tlog
C:\Users\Рустам\Documents\Visual Studio 2010\Projects\eRay III\eRay III\Release\CL.write.1.tlog
C:\USERS\Рустам\DOCUMENTS\VISUAL STUDIO 2010\PROJECTS\ERAY III\ERAY III\RELEASE\CLASSICRENDER.OBJ
C:\USERS\Рустам\DOCUMENTS\VISUAL STUDIO 2010\PROJECTS\ERAY III\ERAY III\RELEASE\CLOUDRENDER.OBJ
C:\USERS\Рустам\DOCUMENTS\VISUAL STUDIO 2010\PROJECTS\ERAY III\ERAY III\RELEASE\CSTRING.OBJ
C:\USERS\Рустам\DOCUMENTS\VISUAL STUDIO 2010\PROJECTS\ERAY III\ERAY III\RELEASE\CUSTOMSYNITEM.OBJ
C:\USERS\Рустам\DOCUMENTS\VISUAL STUDIO 2010\PROJECTS\ERAY III\ERAY III\RELEASE\ERAY III.EXE.INTERMEDIATE.MANIFEST
C:\USERS\Рустам\DOCUMENTS\VISUAL STUDIO 2010\PROJECTS\ERAY III\ERAY III\RELEASE\ERAY III.OBJ
C:\USERS\Рустам\DOCUMENTS\VISUAL STUDIO 2010\PROJECTS\ERAY III\ERAY III\RELEASE\ERAY III.RES
C:\USERS\Рустам\DOCUMENTS\VISUAL STUDIO 2010\PROJECTS\ERAY III\ERAY III\RELEASE\ERAYDOCUMENT.OBJ
C:\USERS\Рустам\DOCUMENTS\VISUAL STUDIO 2010\PROJECTS\ERAY III\ERAY III\RELEASE\EXPRESSION.OBJ
C:\USERS\Рустам\DOCUMENTS\VISUAL STUDIO 2010\PROJECTS\ERAY III\ERAY III\RELEASE\GRAPHICMANAGER.OBJ
C:\USERS\Рустам\DOCUMENTS\VISUAL STUDIO 2010\PROJECTS\ERAY III\ERAY III\RELEASE\IMAGEBUFFER.OBJ
C:\USERS\Рустам\DOCUMENTS\VISUAL STUDIO 2010\PROJECTS\ERAY III\ERAY III\RELEASE\IMAGEBUFFEROBJECTS.OBJ
C:\Users\Рустам\Documents\Visual Studio 2010\Projects\eRay III\eRay III\Release\link.command.1.tlog
C:\Users\Рустам\Documents\Visual Studio 2010\Projects\eRay III\eRay III\Release\link.read.1.tlog
C:\Users\Рустам\Documents\Visual Studio 2010\Projects\eRay III\eRay III\Release\link.write.1.tlog
C:\Users\Рустам\Documents\Visual Studio 2010\Projects\eRay III\eRay III\Release\link-cvtres.read.1.tlog
C:\Users\Рустам\Documents\Visual Studio 2010\Projects\eRay III\eRay III\Release\link-cvtres.write.1.tlog
C:\Users\Рустам\Documents\Visual Studio 2010\Projects\eRay III\eRay III\Release\mt.command.1.tlog
C:\Users\Рустам\Documents\Visual Studio 2010\Projects\eRay III\eRay III\Release\mt.read.1.tlog
C:\Users\Рустам\Documents\Visual Studio 2010\Projects\eRay III\eRay III\Release\mt.write.1.tlog
C:\USERS\Рустам\DOCUMENTS\VISUAL STUDIO 2010\PROJECTS\ERAY III\ERAY III\RELEASE\PARSER_STRING.OBJ
C:\USERS\Рустам\DOCUMENTS\VISUAL STUDIO 2010\PROJECTS\ERAY III\ERAY III\RELEASE\PARSERTYPES.OBJ
C:\USERS\Рустам\DOCUMENTS\VISUAL STUDIO 2010\PROJECTS\ERAY III\ERAY III\RELEASE\RABOUTBOX.OBJ
C:\USERS\Рустам\DOCUMENTS\VISUAL STUDIO 2010\PROJECTS\ERAY III\ERAY III\RELEASE\RADDPARAMSBOX.OBJ
C:\USERS\Рустам\DOCUMENTS\VISUAL STUDIO 2010\PROJECTS\ERAY III\ERAY III\RELEASE\RAPPLICATION.OBJ
C:\USERS\Рустам\DOCUMENTS\VISUAL STUDIO 2010\PROJECTS\ERAY III\ERAY III\RELEASE\RBUTTON.OBJ
C:\Users\Рустам\Documents\Visual Studio 2010\Projects\eRay III\eRay III\Release\rc.command.1.tlog
C:\Users\Рустам\Documents\Visual Studio 2010\Projects\eRay III\eRay III\Release\rc.read.1.tlog
C:\Users\Рустам\Documents\Visual Studio 2010\Projects\eRay III\eRay III\Release\rc.write.1.tlog
C:\USERS\Рустам\DOCUMENTS\VISUAL STUDIO 2010\PROJECTS\ERAY III\ERAY III\RELEASE\RCHECKBOX.OBJ
C:\USERS\Рустам\DOCUMENTS\VISUAL STUDIO 2010\PROJECTS\ERAY III\ERAY III\RELEASE\RCOMBOBOX.OBJ
C:\USERS\Рустам\DOCUMENTS\VISUAL STUDIO 2010\PROJECTS\ERAY III\ERAY III\RELEASE\RCOMMONDIALOG.OBJ
C:\USERS\Рустам\DOCUMENTS\VISUAL STUDIO 2010\PROJECTS\ERAY III\ERAY III\RELEASE\RCONFIGBOX.OBJ
C:\USERS\Рустам\DOCUMENTS\VISUAL STUDIO 2010\PROJECTS\ERAY III\ERAY III\RELEASE\RCONFIGPANEL.OBJ
C:\USERS\Рустам\DOCUMENTS\VISUAL STUDIO 2010\PROJECTS\ERAY III\ERAY III\RELEASE\RCONTROL.OBJ
C:\USERS\Рустам\DOCUMENTS\VISUAL STUDIO 2010\PROJECTS\ERAY III\ERAY III\RELEASE\RCONVERTER.OBJ
C:\USERS\Рустам\DOCUMENTS\VISUAL STUDIO 2010\PROJECTS\ERAY III\ERAY III\RELEASE\RCUSTOMWINDOW.OBJ
C:\USERS\Рустам\DOCUMENTS\VISUAL STUDIO 2010\PROJECTS\ERAY III\ERAY III\RELEASE\RDIALOG.OBJ
C:\USERS\Рустам\DOCUMENTS\VISUAL STUDIO 2010\PROJECTS\ERAY III\ERAY III\RELEASE\REXCEPTION.OBJ
C:\USERS\Рустам\DOCUMENTS\VISUAL STUDIO 2010\PROJECTS\ERAY III\ERAY III\RELEASE\RFRAME.OBJ
C:\USERS\Рустам\DOCUMENTS\VISUAL STUDIO 2010\PROJECTS\ERAY III\ERAY III\RELEASE\RGROUPBOX.OBJ
C:\USERS\Рустам\DOCUMENTS\VISUAL STUDIO 2010\PROJECTS\ERAY III\ERAY III\RELEASE\RIMAGELIST.OBJ
C:\USERS\Рустам\DOCUMENTS\VISUAL STUDIO 2010\PROJECTS\ERAY III\ERAY III\RELEASE\RIMAGEPANEL.OBJ
C:\USERS\Рустам\DOCUMENTS\VISUAL STUDIO 2010\PROJECTS\ERAY III\ERAY III\RELEASE\RLISTVIEW.OBJ
C:\USERS\Рустам\DOCUMENTS\VISUAL STUDIO 2010\PROJECTS\ERAY III\ERAY III\RELEASE\RMAINFRAME.OBJ
C:\USERS\Рустам\DOCUMENTS\VISUAL STUDIO 2010\PROJECTS\ERAY III\ERAY III\RELEASE\RMODELPARAMFRAME.OBJ
C:\USERS\Рустам\DOCUMENTS\VISUAL STUDIO 2010\PROJECTS\ERAY III\ERAY III\RELEASE\ROBJECT.OBJ
C:\USERS\Рустам\DOCUMENTS\VISUAL STUDIO 2010\PROJECTS\ERAY III\ERAY III\RELEASE\RPROGRESSBAR.OBJ
C:\USERS\Рустам\DOCUMENTS\VISUAL STUDIO 2010\PROJECTS\ERAY III\ERAY III\RELEASE\RRANGINGFRAME.OBJ
C:\USERS\Рустам\DOCUMENTS\VISUAL STUDIO 2010\PROJECTS\ERAY III\ERAY III\RELEASE\RREBAR.OBJ
C:\USERS\Рустам\DOCUMENTS\VISUAL STUDIO 2010\PROJECTS\ERAY III\ERAY III\RELEASE\RSTATICTEXT.OBJ
C:\USERS\Рустам\DOCUMENTS\VISUAL STUDIO 2010\PROJECTS\ERAY III\ERAY III\RELEASE\RSTATUSBAR.OBJ
C:\USERS\Рустам\DOCUMENTS\VISUAL STUDIO 2010\PROJECTS\ERAY III\ERAY III\RELEASE\RTEMPERATUREFRAME.OBJ
C:\USERS\Рустам\DOCUMENTS\VISUAL STUDIO 2010\PROJECTS\ERAY III\ERAY III\RELEASE\RTEMPERATUREIMAGE.OBJ
C:\USERS\Рустам\DOCUMENTS\VISUAL STUDIO 2010\PROJECTS\ERAY III\ERAY III\RELEASE\RTEXTBOX.OBJ
C:\USERS\Рустам\DOCUMENTS\VISUAL STUDIO 2010\PROJECTS\ERAY III\ERAY III\RELEASE\RTEXTBOXEX.OBJ
C:\USERS\Рустам\DOCUMENTS\VISUAL STUDIO 2010\PROJECTS\ERAY III\ERAY III\RELEASE\RTOOLBAR.OBJ
C:\USERS\Рустам\DOCUMENTS\VISUAL STUDIO 2010\PROJECTS\ERAY III\ERAY III\RELEASE\RTRACKBAR.OBJ
C:\USERS\Рустам\DOCUMENTS\VISUAL STUDIO 2010\PROJECTS\ERAY III\ERAY III\RELEASE\RVAREDITORBOX.OBJ
C:\USERS\Рустам\DOCUMENTS\VISUAL STUDIO 2010\PROJECTS\ERAY III\ERAY III\RELEASE\RWINDOW.OBJ
C:\USERS\Рустам\DOCUMENTS\VISUAL STUDIO 2010\PROJECTS\ERAY III\ERAY III\RELEASE\SEMANTICS.OBJ
C:\USERS\Рустам\DOCUMENTS\VISUAL STUDIO 2010\PROJECTS\ERAY III\ERAY III\RELEASE\SYNNODE.OBJ
C:\USERS\Рустам\DOCUMENTS\VISUAL STUDIO 2010\PROJECTS\ERAY III\ERAY III\RELEASE\SYNTREEBUILDER.OBJ
C:\USERS\Рустам\DOCUMENTS\VISUAL STUDIO 2010\PROJECTS\ERAY III\ERAY III\RELEASE\TEMPERATUREFIELD.OBJ
C:\USERS\Рустам\DOCUMENTS\VISUAL STUDIO 2010\PROJECTS\ERAY III\ERAY III\RELEASE\TEMPERATURERENDER.OBJ
C:\USERS\Рустам\DOCUMENTS\VISUAL STUDIO 2010\PROJECTS\ERAY III\ERAY III\RELEASE\TOKEN.OBJ
C:\USERS\Рустам\DOCUMENTS\VISUAL STUDIO 2010\PROJECTS\ERAY III\ERAY III\RELEASE\TOKINIZER.OBJ
C:\USERS\РУСТАМ\DOCUMENTS\VISUAL STUDIO 2010\PROJECTS\ERAY III\ERAY III\RELEASE\VC100.PDB
C:\USERS\Рустам\DOCUMENTS\VISUAL STUDIO 2010\PROJECTS\ERAY III\RELEASE\ERAY III.EXE
C:\USERS\РУСТАМ\DOCUMENTS\VISUAL STUDIO 2010\PROJECTS\ERAY III\RELEASE\ERAY III.PDB
