C:\USERS\Рустам\DOCUMENTS\VISUAL STUDIO 2010\PROJECTS\ERAY III\DEBUG\ERAY III.EXE
C:\USERS\Рустам\DOCUMENTS\VISUAL STUDIO 2010\PROJECTS\ERAY III\DEBUG\ERAY III.ILK
C:\USERS\РУСТАМ\DOCUMENTS\VISUAL STUDIO 2010\PROJECTS\ERAY III\DEBUG\ERAY III.PDB
C:\USERS\Рустам\DOCUMENTS\VISUAL STUDIO 2010\PROJECTS\ERAY III\ERAY III\DEBUG\BASERENDER.OBJ
C:\Users\Рустам\Documents\Visual Studio 2010\Projects\eRay III\eRay III\Debug\cl.command.1.tlog
C:\Users\Рустам\Documents\Visual Studio 2010\Projects\eRay III\eRay III\Debug\CL.read.1.tlog
C:\Users\Рустам\Documents\Visual Studio 2010\Projects\eRay III\eRay III\Debug\CL.write.1.tlog
C:\USERS\Рустам\DOCUMENTS\VISUAL STUDIO 2010\PROJECTS\ERAY III\ERAY III\DEBUG\CLASSICRENDER.OBJ
C:\USERS\Рустам\DOCUMENTS\VISUAL STUDIO 2010\PROJECTS\ERAY III\ERAY III\DEBUG\CLOUDRENDER.OBJ
C:\USERS\Рустам\DOCUMENTS\VISUAL STUDIO 2010\PROJECTS\ERAY III\ERAY III\DEBUG\CSTRING.OBJ
C:\USERS\Рустам\DOCUMENTS\VISUAL STUDIO 2010\PROJECTS\ERAY III\ERAY III\DEBUG\ERAY III.EXE.EMBED.MANIFEST
C:\USERS\Рустам\DOCUMENTS\VISUAL STUDIO 2010\PROJECTS\ERAY III\ERAY III\DEBUG\ERAY III.EXE.EMBED.MANIFEST.RES
C:\USERS\Рустам\DOCUMENTS\VISUAL STUDIO 2010\PROJECTS\ERAY III\ERAY III\DEBUG\ERAY III.EXE.INTERMEDIATE.MANIFEST
C:\USERS\Рустам\DOCUMENTS\VISUAL STUDIO 2010\PROJECTS\ERAY III\ERAY III\DEBUG\ERAY III.OBJ
C:\USERS\Рустам\DOCUMENTS\VISUAL STUDIO 2010\PROJECTS\ERAY III\ERAY III\DEBUG\ERAY III.RES
C:\Users\Рустам\Documents\Visual Studio 2010\Projects\eRay III\eRay III\Debug\eRay III_manifest.rc
C:\USERS\Рустам\DOCUMENTS\VISUAL STUDIO 2010\PROJECTS\ERAY III\ERAY III\DEBUG\ERAYDOCUMENT.OBJ
C:\USERS\Рустам\DOCUMENTS\VISUAL STUDIO 2010\PROJECTS\ERAY III\ERAY III\DEBUG\EXPRESSION.OBJ
C:\USERS\Рустам\DOCUMENTS\VISUAL STUDIO 2010\PROJECTS\ERAY III\ERAY III\DEBUG\GRAPHICMANAGER.OBJ
C:\USERS\Рустам\DOCUMENTS\VISUAL STUDIO 2010\PROJECTS\ERAY III\ERAY III\DEBUG\IMAGEBUFFER.OBJ
C:\USERS\Рустам\DOCUMENTS\VISUAL STUDIO 2010\PROJECTS\ERAY III\ERAY III\DEBUG\IMAGEBUFFEROBJECTS.OBJ
C:\Users\Рустам\Documents\Visual Studio 2010\Projects\eRay III\eRay III\Debug\link.command.1.tlog
C:\Users\Рустам\Documents\Visual Studio 2010\Projects\eRay III\eRay III\Debug\link.read.1.tlog
C:\Users\Рустам\Documents\Visual Studio 2010\Projects\eRay III\eRay III\Debug\link.write.1.tlog
C:\Users\Рустам\Documents\Visual Studio 2010\Projects\eRay III\eRay III\Debug\link-cvtres.read.1.tlog
C:\Users\Рустам\Documents\Visual Studio 2010\Projects\eRay III\eRay III\Debug\link-cvtres.write.1.tlog
C:\Users\Рустам\Documents\Visual Studio 2010\Projects\eRay III\eRay III\Debug\mt.command.1.tlog
C:\Users\Рустам\Documents\Visual Studio 2010\Projects\eRay III\eRay III\Debug\mt.read.1.tlog
C:\Users\Рустам\Documents\Visual Studio 2010\Projects\eRay III\eRay III\Debug\mt.write.1.tlog
C:\USERS\Рустам\DOCUMENTS\VISUAL STUDIO 2010\PROJECTS\ERAY III\ERAY III\DEBUG\PARSERTYPES.OBJ
C:\USERS\Рустам\DOCUMENTS\VISUAL STUDIO 2010\PROJECTS\ERAY III\ERAY III\DEBUG\RABOUTBOX.OBJ
C:\USERS\Рустам\DOCUMENTS\VISUAL STUDIO 2010\PROJECTS\ERAY III\ERAY III\DEBUG\RADDPARAMSBOX.OBJ
C:\USERS\Рустам\DOCUMENTS\VISUAL STUDIO 2010\PROJECTS\ERAY III\ERAY III\DEBUG\RAPPLICATION.OBJ
C:\USERS\Рустам\DOCUMENTS\VISUAL STUDIO 2010\PROJECTS\ERAY III\ERAY III\DEBUG\RBUTTON.OBJ
C:\Users\Рустам\Documents\Visual Studio 2010\Projects\eRay III\eRay III\Debug\rc.command.1.tlog
C:\Users\Рустам\Documents\Visual Studio 2010\Projects\eRay III\eRay III\Debug\rc.read.1.tlog
C:\Users\Рустам\Documents\Visual Studio 2010\Projects\eRay III\eRay III\Debug\rc.write.1.tlog
C:\USERS\Рустам\DOCUMENTS\VISUAL STUDIO 2010\PROJECTS\ERAY III\ERAY III\DEBUG\RCHECKBOX.OBJ
C:\USERS\Рустам\DOCUMENTS\VISUAL STUDIO 2010\PROJECTS\ERAY III\ERAY III\DEBUG\RCOMBOBOX.OBJ
C:\USERS\Рустам\DOCUMENTS\VISUAL STUDIO 2010\PROJECTS\ERAY III\ERAY III\DEBUG\RCOMMONDIALOG.OBJ
C:\USERS\Рустам\DOCUMENTS\VISUAL STUDIO 2010\PROJECTS\ERAY III\ERAY III\DEBUG\RCONFIGBOX.OBJ
C:\USERS\Рустам\DOCUMENTS\VISUAL STUDIO 2010\PROJECTS\ERAY III\ERAY III\DEBUG\RCONFIGPANEL.OBJ
C:\USERS\Рустам\DOCUMENTS\VISUAL STUDIO 2010\PROJECTS\ERAY III\ERAY III\DEBUG\RCONTROL.OBJ
C:\USERS\Рустам\DOCUMENTS\VISUAL STUDIO 2010\PROJECTS\ERAY III\ERAY III\DEBUG\RCONVERTER.OBJ
C:\USERS\Рустам\DOCUMENTS\VISUAL STUDIO 2010\PROJECTS\ERAY III\ERAY III\DEBUG\RCUSTOMWINDOW.OBJ
C:\USERS\Рустам\DOCUMENTS\VISUAL STUDIO 2010\PROJECTS\ERAY III\ERAY III\DEBUG\RDIALOG.OBJ
C:\USERS\Рустам\DOCUMENTS\VISUAL STUDIO 2010\PROJECTS\ERAY III\ERAY III\DEBUG\REXCEPTION.OBJ
C:\USERS\Рустам\DOCUMENTS\VISUAL STUDIO 2010\PROJECTS\ERAY III\ERAY III\DEBUG\RFRAME.OBJ
C:\USERS\Рустам\DOCUMENTS\VISUAL STUDIO 2010\PROJECTS\ERAY III\ERAY III\DEBUG\RGROUPBOX.OBJ
C:\USERS\Рустам\DOCUMENTS\VISUAL STUDIO 2010\PROJECTS\ERAY III\ERAY III\DEBUG\RIMAGELIST.OBJ
C:\USERS\Рустам\DOCUMENTS\VISUAL STUDIO 2010\PROJECTS\ERAY III\ERAY III\DEBUG\RIMAGEPANEL.OBJ
C:\USERS\Рустам\DOCUMENTS\VISUAL STUDIO 2010\PROJECTS\ERAY III\ERAY III\DEBUG\RLISTVIEW.OBJ
C:\USERS\Рустам\DOCUMENTS\VISUAL STUDIO 2010\PROJECTS\ERAY III\ERAY III\DEBUG\RMAINFRAME.OBJ
C:\USERS\Рустам\DOCUMENTS\VISUAL STUDIO 2010\PROJECTS\ERAY III\ERAY III\DEBUG\ROBJECT.OBJ
C:\USERS\Рустам\DOCUMENTS\VISUAL STUDIO 2010\PROJECTS\ERAY III\ERAY III\DEBUG\RPROGRESSBAR.OBJ
C:\USERS\Рустам\DOCUMENTS\VISUAL STUDIO 2010\PROJECTS\ERAY III\ERAY III\DEBUG\RRANGINGFRAME.OBJ
C:\USERS\Рустам\DOCUMENTS\VISUAL STUDIO 2010\PROJECTS\ERAY III\ERAY III\DEBUG\RREBAR.OBJ
C:\USERS\Рустам\DOCUMENTS\VISUAL STUDIO 2010\PROJECTS\ERAY III\ERAY III\DEBUG\RSTATICTEXT.OBJ
C:\USERS\Рустам\DOCUMENTS\VISUAL STUDIO 2010\PROJECTS\ERAY III\ERAY III\DEBUG\RSTATUSBAR.OBJ
C:\USERS\Рустам\DOCUMENTS\VISUAL STUDIO 2010\PROJECTS\ERAY III\ERAY III\DEBUG\RTEMPERATUREFRAME.OBJ
C:\USERS\Рустам\DOCUMENTS\VISUAL STUDIO 2010\PROJECTS\ERAY III\ERAY III\DEBUG\RTEMPERATUREIMAGE.OBJ
C:\USERS\Рустам\DOCUMENTS\VISUAL STUDIO 2010\PROJECTS\ERAY III\ERAY III\DEBUG\RTEXTBOX.OBJ
C:\USERS\Рустам\DOCUMENTS\VISUAL STUDIO 2010\PROJECTS\ERAY III\ERAY III\DEBUG\RTEXTBOXEX.OBJ
C:\USERS\Рустам\DOCUMENTS\VISUAL STUDIO 2010\PROJECTS\ERAY III\ERAY III\DEBUG\RTOOLBAR.OBJ
C:\USERS\Рустам\DOCUMENTS\VISUAL STUDIO 2010\PROJECTS\ERAY III\ERAY III\DEBUG\RTRACKBAR.OBJ
C:\USERS\Рустам\DOCUMENTS\VISUAL STUDIO 2010\PROJECTS\ERAY III\ERAY III\DEBUG\RVAREDITORBOX.OBJ
C:\USERS\Рустам\DOCUMENTS\VISUAL STUDIO 2010\PROJECTS\ERAY III\ERAY III\DEBUG\RWINDOW.OBJ
C:\USERS\Рустам\DOCUMENTS\VISUAL STUDIO 2010\PROJECTS\ERAY III\ERAY III\DEBUG\SEMANTICS.OBJ
C:\USERS\Рустам\DOCUMENTS\VISUAL STUDIO 2010\PROJECTS\ERAY III\ERAY III\DEBUG\SYNTREEBUILDER.OBJ
C:\USERS\Рустам\DOCUMENTS\VISUAL STUDIO 2010\PROJECTS\ERAY III\ERAY III\DEBUG\TEMPERATUREFIELD.OBJ
C:\USERS\Рустам\DOCUMENTS\VISUAL STUDIO 2010\PROJECTS\ERAY III\ERAY III\DEBUG\TEMPERATURERENDER.OBJ
C:\USERS\Рустам\DOCUMENTS\VISUAL STUDIO 2010\PROJECTS\ERAY III\ERAY III\DEBUG\TOKINIZER.OBJ
C:\Users\Рустам\Documents\Visual Studio 2010\Projects\eRay III\eRay III\Debug\vc100.idb
C:\USERS\РУСТАМ\DOCUMENTS\VISUAL STUDIO 2010\PROJECTS\ERAY III\ERAY III\DEBUG\VC100.PDB
