C:\USERS\Рустам\DOCUMENTS\VISUAL STUDIO 2010\PROJECTS\ERAY III\RELEASE\VIEW3D.DLL
C:\Users\Рустам\Documents\Visual Studio 2010\Projects\eRay III\Release\View3D.exp
C:\Users\Рустам\Documents\Visual Studio 2010\Projects\eRay III\Release\View3D.lib
C:\USERS\РУСТАМ\DOCUMENTS\VISUAL STUDIO 2010\PROJECTS\ERAY III\RELEASE\VIEW3D.PDB
C:\Users\Рустам\Documents\Visual Studio 2010\Projects\eRay III\View3D\Release\cl.command.1.tlog
C:\Users\Рустам\Documents\Visual Studio 2010\Projects\eRay III\View3D\Release\CL.read.1.tlog
C:\Users\Рустам\Documents\Visual Studio 2010\Projects\eRay III\View3D\Release\CL.write.1.tlog
C:\Users\Рустам\Documents\Visual Studio 2010\Projects\eRay III\View3D\Release\link.command.1.tlog
C:\Users\Рустам\Documents\Visual Studio 2010\Projects\eRay III\View3D\Release\link.read.1.tlog
C:\Users\Рустам\Documents\Visual Studio 2010\Projects\eRay III\View3D\Release\link.write.1.tlog
C:\Users\Рустам\Documents\Visual Studio 2010\Projects\eRay III\View3D\Release\link-cvtres.read.1.tlog
C:\Users\Рустам\Documents\Visual Studio 2010\Projects\eRay III\View3D\Release\link-cvtres.write.1.tlog
C:\Users\Рустам\Documents\Visual Studio 2010\Projects\eRay III\View3D\Release\mt.command.1.tlog
C:\Users\Рустам\Documents\Visual Studio 2010\Projects\eRay III\View3D\Release\mt.read.1.tlog
C:\Users\Рустам\Documents\Visual Studio 2010\Projects\eRay III\View3D\Release\mt.write.1.tlog
C:\Users\Рустам\Documents\Visual Studio 2010\Projects\eRay III\View3D\Release\rc.command.1.tlog
C:\Users\Рустам\Documents\Visual Studio 2010\Projects\eRay III\View3D\Release\rc.read.1.tlog
C:\Users\Рустам\Documents\Visual Studio 2010\Projects\eRay III\View3D\Release\rc.write.1.tlog
C:\USERS\РУСТАМ\DOCUMENTS\VISUAL STUDIO 2010\PROJECTS\ERAY III\VIEW3D\RELEASE\VC100.PDB
C:\USERS\Рустам\DOCUMENTS\VISUAL STUDIO 2010\PROJECTS\ERAY III\VIEW3D\RELEASE\VIEW3D.DLL.INTERMEDIATE.MANIFEST
C:\USERS\Рустам\DOCUMENTS\VISUAL STUDIO 2010\PROJECTS\ERAY III\VIEW3D\RELEASE\VIEW3D.OBJ
C:\USERS\Рустам\DOCUMENTS\VISUAL STUDIO 2010\PROJECTS\ERAY III\VIEW3D\RELEASE\VIEW3D.RES
C:\Users\Рустам\Documents\Visual Studio 2010\Projects\eRay III\View3D\Release\View3D.write.1.tlog
