C:\USERS\Рустам\DOCUMENTS\VISUAL STUDIO 2010\PROJECTS\ERAY III\DEBUG\VIEW3D.DLL
C:\Users\Рустам\Documents\Visual Studio 2010\Projects\eRay III\Debug\View3D.exp
C:\USERS\Рустам\DOCUMENTS\VISUAL STUDIO 2010\PROJECTS\ERAY III\DEBUG\VIEW3D.ILK
C:\Users\Рустам\Documents\Visual Studio 2010\Projects\eRay III\Debug\View3D.lib
C:\USERS\РУСТАМ\DOCUMENTS\VISUAL STUDIO 2010\PROJECTS\ERAY III\DEBUG\VIEW3D.PDB
C:\Users\Рустам\Documents\Visual Studio 2010\Projects\eRay III\View3D\Debug\cl.command.1.tlog
C:\Users\Рустам\Documents\Visual Studio 2010\Projects\eRay III\View3D\Debug\CL.read.1.tlog
C:\Users\Рустам\Documents\Visual Studio 2010\Projects\eRay III\View3D\Debug\CL.write.1.tlog
C:\Users\Рустам\Documents\Visual Studio 2010\Projects\eRay III\View3D\Debug\link.command.1.tlog
C:\Users\Рустам\Documents\Visual Studio 2010\Projects\eRay III\View3D\Debug\link.read.1.tlog
C:\Users\Рустам\Documents\Visual Studio 2010\Projects\eRay III\View3D\Debug\link.write.1.tlog
C:\Users\Рустам\Documents\Visual Studio 2010\Projects\eRay III\View3D\Debug\link-cvtres.read.1.tlog
C:\Users\Рустам\Documents\Visual Studio 2010\Projects\eRay III\View3D\Debug\link-cvtres.write.1.tlog
C:\Users\Рустам\Documents\Visual Studio 2010\Projects\eRay III\View3D\Debug\mt.command.1.tlog
C:\Users\Рустам\Documents\Visual Studio 2010\Projects\eRay III\View3D\Debug\mt.read.1.tlog
C:\Users\Рустам\Documents\Visual Studio 2010\Projects\eRay III\View3D\Debug\mt.write.1.tlog
C:\Users\Рустам\Documents\Visual Studio 2010\Projects\eRay III\View3D\Debug\rc.command.1.tlog
C:\Users\Рустам\Documents\Visual Studio 2010\Projects\eRay III\View3D\Debug\rc.read.1.tlog
C:\Users\Рустам\Documents\Visual Studio 2010\Projects\eRay III\View3D\Debug\rc.write.1.tlog
C:\Users\Рустам\Documents\Visual Studio 2010\Projects\eRay III\View3D\Debug\vc100.idb
C:\USERS\РУСТАМ\DOCUMENTS\VISUAL STUDIO 2010\PROJECTS\ERAY III\VIEW3D\DEBUG\VC100.PDB
C:\USERS\Рустам\DOCUMENTS\VISUAL STUDIO 2010\PROJECTS\ERAY III\VIEW3D\DEBUG\VIEW3D.DLL.EMBED.MANIFEST
C:\USERS\Рустам\DOCUMENTS\VISUAL STUDIO 2010\PROJECTS\ERAY III\VIEW3D\DEBUG\VIEW3D.DLL.EMBED.MANIFEST.RES
C:\USERS\Рустам\DOCUMENTS\VISUAL STUDIO 2010\PROJECTS\ERAY III\VIEW3D\DEBUG\VIEW3D.DLL.INTERMEDIATE.MANIFEST
C:\USERS\Рустам\DOCUMENTS\VISUAL STUDIO 2010\PROJECTS\ERAY III\VIEW3D\DEBUG\VIEW3D.OBJ
C:\USERS\Рустам\DOCUMENTS\VISUAL STUDIO 2010\PROJECTS\ERAY III\VIEW3D\DEBUG\VIEW3D.RES
C:\Users\Рустам\Documents\Visual Studio 2010\Projects\eRay III\View3D\Debug\View3D.write.1.tlog
C:\Users\Рустам\Documents\Visual Studio 2010\Projects\eRay III\View3D\Debug\View3D_manifest.rc
